# gmm-est --write-occs=exp/mono/4.occs --mix-up=76 --power=0.25 exp/mono/3.mdl "gmm-sum-accs - exp/mono/3.*.acc|" exp/mono/4.mdl 
# Started at Mon Apr  4 21:00:48 CST 2022
#
gmm-est --write-occs=exp/mono/4.occs --mix-up=76 --power=0.25 exp/mono/3.mdl 'gmm-sum-accs - exp/mono/3.*.acc|' exp/mono/4.mdl 
gmm-sum-accs - exp/mono/3.1.acc 
LOG (gmm-sum-accs[5.5.1012~1547-dd107]:main():gmm-sum-accs.cc:63) Summed 1 stats, total count 770, avg like/frame -81.4115
LOG (gmm-sum-accs[5.5.1012~1547-dd107]:main():gmm-sum-accs.cc:66) Total count of stats is 770
LOG (gmm-sum-accs[5.5.1012~1547-dd107]:main():gmm-sum-accs.cc:67) Written stats to -
LOG (gmm-est[5.5.1012~1547-dd107]:MleUpdate():transition-model.cc:528) TransitionModel::Update, objf change is 1.07483e-05 per frame over 770 frames. 
LOG (gmm-est[5.5.1012~1547-dd107]:MleUpdate():transition-model.cc:531) 0 probabilities floored, 1 out of 10 transition-states skipped due to insuffient data (it is normal to have some skipped.)
LOG (gmm-est[5.5.1012~1547-dd107]:main():gmm-est.cc:102) Transition model update: Overall 1.07483e-05 log-like improvement per frame over 770 frames.
WARNING (gmm-est[5.5.1012~1547-dd107]:MleDiagGmmUpdate():mle-diag-gmm.cc:365) Gaussian has too little data but not removing it because it is the last Gaussian: i = 0, occ = 4, weight = 1
LOG (gmm-est[5.5.1012~1547-dd107]:MleAmDiagGmmUpdate():mle-am-diag-gmm.cc:225) 0 variance elements floored in 0 Gaussians, out of 36
LOG (gmm-est[5.5.1012~1547-dd107]:MleAmDiagGmmUpdate():mle-am-diag-gmm.cc:229) Removed 0 Gaussians due to counts < --min-gaussian-occupancy=10 and --remove-low-count-gaussians=true
LOG (gmm-est[5.5.1012~1547-dd107]:main():gmm-est.cc:113) GMM update: Overall 0.021408 objective function improvement per frame over 770 frames
LOG (gmm-est[5.5.1012~1547-dd107]:main():gmm-est.cc:116) GMM update: Overall avg like per frame = -81.4115 over 770 frames.
WARNING (gmm-est[5.5.1012~1547-dd107]:GetSplitTargets():model-common.cc:134) Could not split up to 76 due to min-count = 20 (or no counts at all)

LOG (gmm-est[5.5.1012~1547-dd107]:SplitByCount():am-diag-gmm.cc:116) Split 10 states with target = 76, power = 0.25, perturb_factor = 0.01 and min_count = 20, split #Gauss from 36 to 36
LOG (gmm-est[5.5.1012~1547-dd107]:main():gmm-est.cc:146) Written model to exp/mono/4.mdl
# Accounting: time=0 threads=1
# Ended (code 0) at Mon Apr  4 21:00:48 CST 2022, elapsed time 0 seconds
